#
# There is insufficient memory for the Java Runtime Environment to continue.
# Native memory allocation (malloc) failed to allocate 1048576 bytes for AllocateHeap
# Possible reasons:
#   The system is out of physical RAM or swap space
#   The process is running with CompressedOops enabled, and the Java Heap may be blocking the growth of the native heap
# Possible solutions:
#   Reduce memory load on the system
#   Increase physical memory or swap space
#   Check if swap backing store is full
#   Decrease Java heap size (-Xmx/-Xms)
#   Decrease number of Java threads
#   Decrease Java thread stack sizes (-Xss)
#   Set larger code cache with -XX:ReservedCodeCacheSize=
#   JVM is running with Unscaled Compressed Oops mode in which the Java heap is
#     placed in the first 4GB address space. The Java Heap base address is the
#     maximum limit for the native heap growth. Please use -XX:HeapBaseMinAddress
#     to set the Java Heap base and to place the Java Heap above 4GB virtual address.
# This output file may be truncated or incomplete.
#
#  Out of Memory Error (allocation.cpp:44), pid=12856, tid=13204
#
# JRE version:  (17.0.2+8) (build )
# Java VM: OpenJDK 64-Bit Server VM (17.0.2+8, mixed mode, tiered, compressed oops, compressed class ptrs, parallel gc, windows-amd64)
# No core dump will be written. Minidumps are not enabled by default on client versions of Windows
#

---------------  S U M M A R Y ------------

Command Line: --add-modules=ALL-SYSTEM --add-opens=java.base/java.util=ALL-UNNAMED --add-opens=java.base/java.lang=ALL-UNNAMED --add-opens=java.base/sun.nio.fs=ALL-UNNAMED -Declipse.application=org.eclipse.jdt.ls.core.id1 -Dosgi.bundles.defaultStartLevel=4 -Declipse.product=org.eclipse.jdt.ls.core.product -Djava.import.generatesMetadataFilesAtProjectRoot=false -Dfile.encoding=utf8 -DwatchParentProcess=false -XX:+UseParallelGC -XX:GCTimeRatio=4 -XX:AdaptiveSizePolicyWeight=90 -Dsun.zip.disableMemoryMapping=true -Xmx1G -Xms100m -javaagent:c:\Users\Administrador\.vscode\extensions\gabrielbb.vscode-lombok-1.0.1\server\lombok.jar -XX:+HeapDumpOnOutOfMemoryError -XX:HeapDumpPath=c:\Users\Administrador\AppData\Roaming\Code\User\workspaceStorage\a0dcd12a1a672105fff828cb565956f3\redhat.java c:\Users\Administrador\.vscode\extensions\redhat.java-1.4.0\server\plugins\org.eclipse.equinox.launcher_1.6.400.v20210924-0641.jar -configuration c:\Users\Administrador\AppData\Roaming\Code\User\globalStorage\redhat.java\1.4.0\config_win -data c:\Users\Administrador\AppData\Roaming\Code\User\workspaceStorage\a0dcd12a1a672105fff828cb565956f3\redhat.java\jdt_ws

Host: Intel(R) Core(TM) i5-8265U CPU @ 1.60GHz, 8 cores, 7G,  Windows 11 , 64 bit Build 22000 (10.0.22000.434)
Time: Thu Mar 10 16:17:03 2022 Hora oficial do Brasil elapsed time: 5.869714 seconds (0d 0h 0m 5s)

---------------  T H R E A D  ---------------

Current thread (0x000001f9dbed8500):  JavaThread "Unknown thread" [_thread_in_vm, id=13204, stack(0x000000ab76b00000,0x000000ab76c00000)]

Stack: [0x000000ab76b00000,0x000000ab76c00000]
Native frames: (J=compiled Java code, j=interpreted, Vv=VM code, C=native code)
V  [jvm.dll+0x67564a]
V  [jvm.dll+0x82fc04]
V  [jvm.dll+0x8313ae]
V  [jvm.dll+0x831a13]
V  [jvm.dll+0x245235]
V  [jvm.dll+0xa6393]
V  [jvm.dll+0x6b28b3]
V  [jvm.dll+0x6b341f]
V  [jvm.dll+0x681d18]
V  [jvm.dll+0x801f98]
V  [jvm.dll+0x369004]
V  [jvm.dll+0x7e0cdc]
V  [jvm.dll+0x3eb8bf]
V  [jvm.dll+0x3ed441]
C  [jli.dll+0x5277]
C  [ucrtbase.dll+0x26c0c]
C  [KERNEL32.DLL+0x154e0]
C  [ntdll.dll+0x485b]


---------------  P R O C E S S  ---------------

Threads class SMR info:
_java_thread_list=0x00007ffa16435e98, length=0, elements={
}

Java Threads: ( => current thread )

Other Threads:
  0x000001f9dbeed9f0 GCTaskThread "GC Thread#0" [stack: 0x000000ab76c00000,0x000000ab76d00000] [id=11732]

=>0x000001f9dbed8500 (exited) JavaThread "Unknown thread" [_thread_in_vm, id=13204, stack(0x000000ab76b00000,0x000000ab76c00000)]

Threads with active compile tasks:

VM state: not at safepoint (normal execution)

VM Mutex/Monitor currently owned by a thread: None

Heap address: 0x00000000c0000000, size: 1024 MB, Compressed Oops mode: 32-bit

CDS archive(s) not mapped
Compressed class space mapped at: 0x0000000100000000-0x0000000140000000, reserved size: 1073741824
Narrow klass base: 0x0000000000000000, Narrow klass shift: 3, Narrow klass range: 0x140000000

GC Precious Log:
 CPUs: 8 total, 8 available
 Memory: 8068M
 Large Page Support: Disabled
 NUMA Support: Disabled
 Compressed Oops: Enabled (32-bit)
 Alignments: Space 512K, Generation 512K, Heap 2M
 Heap Min Capacity: 100M
 Heap Initial Capacity: 100M
 Heap Max Capacity: 1G
 Pre-touch: Disabled
 Parallel Workers: 8

Heap:
 PSYoungGen      total 29696K, used 512K [0x00000000eab00000, 0x00000000ecc00000, 0x0000000100000000)
  eden space 25600K, 2% used [0x00000000eab00000,0x00000000eab80070,0x00000000ec400000)
  from space 4096K, 0% used [0x00000000ec800000,0x00000000ec800000,0x00000000ecc00000)
  to   space 4096K, 0% used [0x00000000ec400000,0x00000000ec400000,0x00000000ec800000)
 ParOldGen       total 68608K, used 0K [0x00000000c0000000, 0x00000000c4300000, 0x00000000eab00000)
  object space 68608K, 0% used [0x00000000c0000000,0x00000000c0000000,0x00000000c4300000)
 Metaspace       used 1149K, committed 1216K, reserved 1056768K
  class space    used 101K, committed 128K, reserved 1048576K

Card table byte_map: [0x000001f9db8c0000,0x000001f9dbad0000] _byte_map_base: 0x000001f9db2c0000

Marking Bits: (ParMarkBitMap*) 0x00007ffa164a3af0
 Begin Bits: [0x000001f9edb60000, 0x000001f9eeb60000)
 End Bits:   [0x000001f9eeb60000, 0x000001f9efb60000)

Polling page: 0x000001f9db6b0000

Metaspace:

Usage:
  Non-class:      1.02 MB used.
      Class:    101.01 KB used.
       Both:      1.12 MB used.

Virtual space:
  Non-class space:        8.00 MB reserved,       1.06 MB ( 13%) committed,  1 nodes.
      Class space:        1.00 GB reserved,     128.00 KB ( <1%) committed,  1 nodes.
             Both:        1.01 GB reserved,       1.19 MB ( <1%) committed. 

Chunk freelists:
   Non-Class:  0 bytes
       Class:  3.75 MB
        Both:  3.75 MB

MaxMetaspaceSize: unlimited
CompressedClassSpaceSize: 1.00 GB
Initial GC threshold: 21.00 MB
Current GC threshold: 17179869184.00 GB
CDS: off
MetaspaceReclaimPolicy: balanced
 - commit_granule_bytes: 65536.
 - commit_granule_words: 8192.
 - virtual_space_node_default_size: 1048576.
 - enlarge_chunks_in_place: 1.
 - new_chunks_are_fully_committed: 0.
 - uncommit_free_chunks: 1.
 - use_allocation_guard: 0.
 - handle_deallocations: 1.


Internal statistics:

num_allocs_failed_limit: 0.
num_arena_births: 2.
num_arena_deaths: 0.
num_vsnodes_births: 2.
num_vsnodes_deaths: 0.
num_space_committed: 19.
num_space_uncommitted: 0.
num_chunks_returned_to_freelist: 0.
num_chunks_taken_from_freelist: 3.
num_chunk_merges: 0.
num_chunk_splits: 1.
num_chunks_enlarged: 0.
num_purges: 0.
num_inconsistent_stats: 0.

CodeHeap 'non-profiled nmethods': size=120000Kb used=0Kb max_used=0Kb free=120000Kb
 bounds [0x000001f9e6630000, 0x000001f9e68a0000, 0x000001f9edb60000]
CodeHeap 'profiled nmethods': size=120000Kb used=0Kb max_used=0Kb free=120000Kb
 bounds [0x000001f9df100000, 0x000001f9df370000, 0x000001f9e6630000]
CodeHeap 'non-nmethods': size=5760Kb used=202Kb max_used=335Kb free=5557Kb
 bounds [0x000001f9deb60000, 0x000001f9dedd0000, 0x000001f9df100000]
 total_blobs=66 nmethods=0 adapters=47
 compilation: enabled
              stopped_count=0, restarted_count=0
 full_count=0

Compilation events (0 events):
No events

GC Heap History (0 events):
No events

Deoptimization events (0 events):
No events

Classes unloaded (0 events):
No events

Classes redefined (0 events):
No events

Internal exceptions (0 events):
No events

VM Operations (0 events):
No events

Events (20 events):
Event: 5.301 loading class java/lang/Long
Event: 5.308 loading class java/lang/Long done
Event: 5.308 loading class java/util/Iterator
Event: 5.316 loading class java/util/Iterator done
Event: 5.316 loading class java/lang/reflect/RecordComponent
Event: 5.335 loading class java/lang/reflect/RecordComponent done
Event: 5.335 loading class jdk/internal/vm/vector/VectorSupport
Event: 5.346 loading class jdk/internal/vm/vector/VectorSupport done
Event: 5.346 loading class jdk/internal/vm/vector/VectorSupport$VectorPayload
Event: 5.346 loading class jdk/internal/vm/vector/VectorSupport$VectorPayload done
Event: 5.346 loading class jdk/internal/vm/vector/VectorSupport$Vector
Event: 5.346 loading class jdk/internal/vm/vector/VectorSupport$Vector done
Event: 5.346 loading class jdk/internal/vm/vector/VectorSupport$VectorMask
Event: 5.346 loading class jdk/internal/vm/vector/VectorSupport$VectorMask done
Event: 5.346 loading class jdk/internal/vm/vector/VectorSupport$VectorShuffle
Event: 5.346 loading class jdk/internal/vm/vector/VectorSupport$VectorShuffle done
Event: 5.707 loading class java/lang/NullPointerException
Event: 5.707 loading class java/lang/NullPointerException done
Event: 5.707 loading class java/lang/ArithmeticException
Event: 5.707 loading class java/lang/ArithmeticException done


Dynamic libraries:
0x00007ff6a8cb0000 - 0x00007ff6a8cbe000 	c:\Users\Administrador\.vscode\extensions\redhat.java-1.4.0\jre\17.0.2-win32-x86_64\bin\java.exe
0x00007ffa778a0000 - 0x00007ffa77aa9000 	C:\Windows\SYSTEM32\ntdll.dll
0x00007ffa76b60000 - 0x00007ffa76c1d000 	C:\Windows\System32\KERNEL32.DLL
0x00007ffa74f20000 - 0x00007ffa75294000 	C:\Windows\System32\KERNELBASE.dll
0x00007ffa74e00000 - 0x00007ffa74f11000 	C:\Windows\System32\ucrtbase.dll
0x00007ffa70bc0000 - 0x00007ffa70bd8000 	c:\Users\Administrador\.vscode\extensions\redhat.java-1.4.0\jre\17.0.2-win32-x86_64\bin\jli.dll
0x00007ffa6a210000 - 0x00007ffa6a229000 	c:\Users\Administrador\.vscode\extensions\redhat.java-1.4.0\jre\17.0.2-win32-x86_64\bin\VCRUNTIME140.dll
0x00007ffa776b0000 - 0x00007ffa7785c000 	C:\Windows\System32\USER32.dll
0x00007ffa5b430000 - 0x00007ffa5b6d5000 	C:\Windows\WinSxS\amd64_microsoft.windows.common-controls_6595b64144ccf1df_6.0.22000.120_none_9d947278b86cc467\COMCTL32.dll
0x00007ffa752a0000 - 0x00007ffa752c6000 	C:\Windows\System32\win32u.dll
0x00007ffa75a10000 - 0x00007ffa75ab3000 	C:\Windows\System32\msvcrt.dll
0x00007ffa77100000 - 0x00007ffa77129000 	C:\Windows\System32\GDI32.dll
0x00007ffa75440000 - 0x00007ffa75552000 	C:\Windows\System32\gdi32full.dll
0x00007ffa75560000 - 0x00007ffa755fd000 	C:\Windows\System32\msvcp_win.dll
0x00007ffa758d0000 - 0x00007ffa75901000 	C:\Windows\System32\IMM32.DLL
0x00007ffa6bcf0000 - 0x00007ffa6bcfc000 	c:\Users\Administrador\.vscode\extensions\redhat.java-1.4.0\jre\17.0.2-win32-x86_64\bin\vcruntime140_1.dll
0x00007ffa48590000 - 0x00007ffa48621000 	c:\Users\Administrador\.vscode\extensions\redhat.java-1.4.0\jre\17.0.2-win32-x86_64\bin\msvcp140.dll
0x00007ffa15920000 - 0x00007ffa16567000 	c:\Users\Administrador\.vscode\extensions\redhat.java-1.4.0\jre\17.0.2-win32-x86_64\bin\server\jvm.dll
0x00007ffa773f0000 - 0x00007ffa7749e000 	C:\Windows\System32\ADVAPI32.dll
0x00007ffa75ac0000 - 0x00007ffa75b5e000 	C:\Windows\System32\sechost.dll
0x00007ffa77590000 - 0x00007ffa776b0000 	C:\Windows\System32\RPCRT4.dll
0x00007ffa75dd0000 - 0x00007ffa75dd8000 	C:\Windows\System32\PSAPI.DLL
0x00007ffa39590000 - 0x00007ffa39599000 	C:\Windows\SYSTEM32\WSOCK32.dll
0x00007ffa6c100000 - 0x00007ffa6c133000 	C:\Windows\SYSTEM32\WINMM.dll
0x00007ffa77090000 - 0x00007ffa770ff000 	C:\Windows\System32\WS2_32.dll
0x00007ffa65e10000 - 0x00007ffa65e1a000 	C:\Windows\SYSTEM32\VERSION.dll
0x00007ffa73f80000 - 0x00007ffa73f98000 	C:\Windows\SYSTEM32\kernel.appcore.dll
0x00007ffa6a200000 - 0x00007ffa6a20a000 	c:\Users\Administrador\.vscode\extensions\redhat.java-1.4.0\jre\17.0.2-win32-x86_64\bin\jimage.dll
0x00007ffa72200000 - 0x00007ffa72421000 	C:\Windows\SYSTEM32\DBGHELP.DLL
0x00007ffa394c0000 - 0x00007ffa394f1000 	C:\Windows\SYSTEM32\dbgcore.DLL
0x00007ffa756c0000 - 0x00007ffa7573f000 	C:\Windows\System32\bcryptPrimitives.dll
0x00007ffa6a1f0000 - 0x00007ffa6a1fe000 	c:\Users\Administrador\.vscode\extensions\redhat.java-1.4.0\jre\17.0.2-win32-x86_64\bin\instrument.dll
0x00007ffa6a1c0000 - 0x00007ffa6a1e5000 	c:\Users\Administrador\.vscode\extensions\redhat.java-1.4.0\jre\17.0.2-win32-x86_64\bin\java.dll
0x00007ffa6a0b0000 - 0x00007ffa6a0c8000 	c:\Users\Administrador\.vscode\extensions\redhat.java-1.4.0\jre\17.0.2-win32-x86_64\bin\zip.dll

dbghelp: loaded successfully - version: 4.0.5 - missing functions: none
symbol engine: initialized successfully - sym options: 0x614 - pdb path: .;c:\Users\Administrador\.vscode\extensions\redhat.java-1.4.0\jre\17.0.2-win32-x86_64\bin;C:\Windows\SYSTEM32;C:\Windows\WinSxS\amd64_microsoft.windows.common-controls_6595b64144ccf1df_6.0.22000.120_none_9d947278b86cc467;c:\Users\Administrador\.vscode\extensions\redhat.java-1.4.0\jre\17.0.2-win32-x86_64\bin\server

VM Arguments:
jvm_args: --add-modules=ALL-SYSTEM --add-opens=java.base/java.util=ALL-UNNAMED --add-opens=java.base/java.lang=ALL-UNNAMED --add-opens=java.base/sun.nio.fs=ALL-UNNAMED -Declipse.application=org.eclipse.jdt.ls.core.id1 -Dosgi.bundles.defaultStartLevel=4 -Declipse.product=org.eclipse.jdt.ls.core.product -Djava.import.generatesMetadataFilesAtProjectRoot=false -Dfile.encoding=utf8 -DwatchParentProcess=false -XX:+UseParallelGC -XX:GCTimeRatio=4 -XX:AdaptiveSizePolicyWeight=90 -Dsun.zip.disableMemoryMapping=true -Xmx1G -Xms100m -javaagent:c:\Users\Administrador\.vscode\extensions\gabrielbb.vscode-lombok-1.0.1\server\lombok.jar -XX:+HeapDumpOnOutOfMemoryError -XX:HeapDumpPath=c:\Users\Administrador\AppData\Roaming\Code\User\workspaceStorage\a0dcd12a1a672105fff828cb565956f3\redhat.java 
java_command: c:\Users\Administrador\.vscode\extensions\redhat.java-1.4.0\server\plugins\org.eclipse.equinox.launcher_1.6.400.v20210924-0641.jar -configuration c:\Users\Administrador\AppData\Roaming\Code\User\globalStorage\redhat.java\1.4.0\config_win -data c:\Users\Administrador\AppData\Roaming\Code\User\workspaceStorage\a0dcd12a1a672105fff828cb565956f3\redhat.java\jdt_ws
java_class_path (initial): c:\Users\Administrador\.vscode\extensions\redhat.java-1.4.0\server\plugins\org.eclipse.equinox.launcher_1.6.400.v20210924-0641.jar
Launcher Type: SUN_STANDARD

[Global flags]
    uintx AdaptiveSizePolicyWeight                 = 90                                        {product} {command line}
     intx CICompilerCount                          = 4                                         {product} {ergonomic}
    uintx GCTimeRatio                              = 4                                         {product} {command line}
     bool HeapDumpOnOutOfMemoryError               = true                                   {manageable} {command line}
    ccstr HeapDumpPath                             = c:\Users\Administrador\AppData\Roaming\Code\User\workspaceStorage\a0dcd12a1a672105fff828cb565956f3\redhat.java         {manageable} {command line}
   size_t InitialHeapSize                          = 104857600                                 {product} {command line}
   size_t MaxHeapSize                              = 1073741824                                {product} {command line}
   size_t MaxNewSize                               = 357564416                                 {product} {ergonomic}
   size_t MinHeapDeltaBytes                        = 524288                                    {product} {ergonomic}
   size_t MinHeapSize                              = 104857600                                 {product} {command line}
   size_t NewSize                                  = 34603008                                  {product} {ergonomic}
    uintx NonNMethodCodeHeapSize                   = 5839372                                {pd product} {ergonomic}
    uintx NonProfiledCodeHeapSize                  = 122909434                              {pd product} {ergonomic}
   size_t OldSize                                  = 70254592                                  {product} {ergonomic}
    uintx ProfiledCodeHeapSize                     = 122909434                              {pd product} {ergonomic}
    uintx ReservedCodeCacheSize                    = 251658240                              {pd product} {ergonomic}
     bool SegmentedCodeCache                       = true                                      {product} {ergonomic}
   size_t SoftMaxHeapSize                          = 1073741824                             {manageable} {ergonomic}
     bool UseCompressedClassPointers               = true                           {product lp64_product} {ergonomic}
     bool UseCompressedOops                        = true                           {product lp64_product} {ergonomic}
     bool UseLargePagesIndividualAllocation        = false                                  {pd product} {ergonomic}
     bool UseParallelGC                            = true                                      {product} {command line}

Logging:
Log output configuration:
 #0: stdout all=warning uptime,level,tags
 #1: stderr all=off uptime,level,tags

Environment Variables:
JAVA_HOME=C:\Program Files\Java\jdk-17.0.2
PATH=C:\Program Files\Common Files\Oracle\Java\javapath;C:\Windows\system32;C:\Windows;C:\Windows\System32\Wbem;C:\Windows\System32\WindowsPowerShell\v1.0\;C:\Windows\System32\OpenSSH\;C:\Program Files\Git\cmd;C:\Program Files\nodejs\;C:\Users\Administrador\AppData\Local\Microsoft\WindowsApps;C:\Users\Administrador\AppData\Local\Programs\Microsoft VS Code\bin;C:\Users\Administrador\AppData\Roaming\npm;C:\Users\Administrador\AppData\Roaming\npm\node_modules\@angular\cli\bin;C:\Program Files\Java\jdk-17.0.2\bin;C:\apache-maven-3.8.4\bin;
USERNAME=Administrador
OS=Windows_NT
PROCESSOR_IDENTIFIER=Intel64 Family 6 Model 142 Stepping 12, GenuineIntel



---------------  S Y S T E M  ---------------

OS:
 Windows 11 , 64 bit Build 22000 (10.0.22000.434)
OS uptime: 4 days 17:42 hours

CPU: total 8 (initial active 8) (4 cores per cpu, 2 threads per core) family 6 model 142 stepping 12 microcode 0xea, cx8, cmov, fxsr, ht, mmx, 3dnowpref, sse, sse2, sse3, ssse3, sse4.1, sse4.2, popcnt, lzcnt, tsc, tscinvbit, avx, avx2, aes, erms, clmul, bmi1, bmi2, adx, fma, vzeroupper, clflush, clflushopt

Memory: 4k page, system-wide physical 8068M (1562M free)
TotalPageFile size 10116M (AvailPageFile size 97M)
current process WorkingSet (physical memory assigned to process): 15M, peak: 15M
current process commit charge ("private bytes"): 173M, peak: 174M

vm_info: OpenJDK 64-Bit Server VM (17.0.2+8) for windows-amd64 JRE (17.0.2+8), built on Jan 20 2022 04:52:34 by "" with MS VC++ 16.7 (VS2019)

END.
