#
# There is insufficient memory for the Java Runtime Environment to continue.
# Native memory allocation (malloc) failed to allocate 393024 bytes for Chunk::new
# Possible reasons:
#   The system is out of physical RAM or swap space
#   The process is running with CompressedOops enabled, and the Java Heap may be blocking the growth of the native heap
# Possible solutions:
#   Reduce memory load on the system
#   Increase physical memory or swap space
#   Check if swap backing store is full
#   Decrease Java heap size (-Xmx/-Xms)
#   Decrease number of Java threads
#   Decrease Java thread stack sizes (-Xss)
#   Set larger code cache with -XX:ReservedCodeCacheSize=
#   JVM is running with Unscaled Compressed Oops mode in which the Java heap is
#     placed in the first 4GB address space. The Java Heap base address is the
#     maximum limit for the native heap growth. Please use -XX:HeapBaseMinAddress
#     to set the Java Heap base and to place the Java Heap above 4GB virtual address.
# This output file may be truncated or incomplete.
#
#  Out of Memory Error (arena.cpp:189), pid=7280, tid=11904
#
# JRE version: OpenJDK Runtime Environment Temurin-17.0.1+12 (17.0.1+12) (build 17.0.1+12)
# Java VM: OpenJDK 64-Bit Server VM Temurin-17.0.1+12 (17.0.1+12, mixed mode, tiered, compressed oops, compressed class ptrs, g1 gc, windows-amd64)
# No core dump will be written. Minidumps are not enabled by default on client versions of Windows
#

---------------  S U M M A R Y ------------

Command Line: -XX:+ShowCodeDetailsInExceptionMessages com.wellerson.CrudSpringApplication

Host: Intel(R) Core(TM) i5-8265U CPU @ 1.60GHz, 8 cores, 7G,  Windows 10 , 64 bit Build 22000 (10.0.22000.434)
Time: Sun Feb 27 12:12:38 2022 Hora oficial do Brasil elapsed time: 152324.183881 seconds (1d 18h 18m 44s)

---------------  T H R E A D  ---------------

Current thread (0x0000029073522b90):  JavaThread "C2 CompilerThread0" daemon [_thread_in_native, id=11904, stack(0x000000cd0f000000,0x000000cd0f100000)]


Current CompileTask:
C2:152324184 7770   !   4       java.util.concurrent.ScheduledThreadPoolExecutor$DelayedWorkQueue::offer (123 bytes)

Stack: [0x000000cd0f000000,0x000000cd0f100000]
Native frames: (J=compiled Java code, j=interpreted, Vv=VM code, C=native code)
V  [jvm.dll+0x6744da]
V  [jvm.dll+0x82e144]
V  [jvm.dll+0x82f8ee]
V  [jvm.dll+0x82ff53]
V  [jvm.dll+0x245175]
V  [jvm.dll+0xab85b]
V  [jvm.dll+0xabdec]
V  [jvm.dll+0x362f07]
V  [jvm.dll+0x32d4c1]
V  [jvm.dll+0x32c96a]
V  [jvm.dll+0x218031]
V  [jvm.dll+0x217451]
V  [jvm.dll+0x1a355d]
V  [jvm.dll+0x226e38]
V  [jvm.dll+0x224f7c]
V  [jvm.dll+0x7e3f5b]
V  [jvm.dll+0x7de51a]
V  [jvm.dll+0x673305]
C  [ucrtbase.dll+0x26c0c]
C  [KERNEL32.DLL+0x154e0]
C  [ntdll.dll+0x485b]


---------------  P R O C E S S  ---------------

Threads class SMR info:
_java_thread_list=0x0000029075099360, length=30, elements={
0x000002907350b750, 0x000002907350d4e0, 0x0000029074012550, 0x0000029074012e10,
0x00000290740136d0, 0x0000029073520520, 0x0000029073522b90, 0x000002907354f8f0,
0x0000029073553040, 0x00000290741665d0, 0x000002907416aad0, 0x00000290742ee6a0,
0x000002905a0032f0, 0x0000029075a6d3c0, 0x0000029075a6d890, 0x0000029075a6f0a0,
0x0000029075a6dd60, 0x0000029075a708b0, 0x0000029075a71bf0, 0x0000029075a72590,
0x0000029075a6e230, 0x0000029075a70d80, 0x0000029075a6cef0, 0x0000029075a71250,
0x0000029075a6ebd0, 0x0000029075a6f570, 0x0000029075a71720, 0x0000029075a73da0,
0x0000029075a738d0, 0x0000029075a720c0
}

Java Threads: ( => current thread )
  0x000002907350b750 JavaThread "Reference Handler" daemon [_thread_blocked, id=12116, stack(0x000000cd0ea00000,0x000000cd0eb00000)]
  0x000002907350d4e0 JavaThread "Finalizer" daemon [_thread_blocked, id=12876, stack(0x000000cd0eb00000,0x000000cd0ec00000)]
  0x0000029074012550 JavaThread "Signal Dispatcher" daemon [_thread_blocked, id=4964, stack(0x000000cd0ec00000,0x000000cd0ed00000)]
  0x0000029074012e10 JavaThread "Attach Listener" daemon [_thread_blocked, id=7360, stack(0x000000cd0ed00000,0x000000cd0ee00000)]
  0x00000290740136d0 JavaThread "Service Thread" daemon [_thread_blocked, id=7884, stack(0x000000cd0ee00000,0x000000cd0ef00000)]
  0x0000029073520520 JavaThread "Monitor Deflation Thread" daemon [_thread_blocked, id=9240, stack(0x000000cd0ef00000,0x000000cd0f000000)]
=>0x0000029073522b90 JavaThread "C2 CompilerThread0" daemon [_thread_in_native, id=11904, stack(0x000000cd0f000000,0x000000cd0f100000)]
  0x000002907354f8f0 JavaThread "C1 CompilerThread0" daemon [_thread_blocked, id=12304, stack(0x000000cd0f100000,0x000000cd0f200000)]
  0x0000029073553040 JavaThread "Sweeper thread" daemon [_thread_blocked, id=2900, stack(0x000000cd0f200000,0x000000cd0f300000)]
  0x00000290741665d0 JavaThread "Notification Thread" daemon [_thread_blocked, id=9348, stack(0x000000cd0f300000,0x000000cd0f400000)]
  0x000002907416aad0 JavaThread "Common-Cleaner" daemon [_thread_blocked, id=4164, stack(0x000000cd0f500000,0x000000cd0f600000)]
  0x00000290742ee6a0 JavaThread "Live Reload Server" daemon [_thread_in_native, id=3448, stack(0x000000cd10900000,0x000000cd10a00000)]
  0x000002905a0032f0 JavaThread "DestroyJavaVM" [_thread_blocked, id=10012, stack(0x000000cd0e300000,0x000000cd0e400000)]
  0x0000029075a6d3c0 JavaThread "HikariPool-5 housekeeper" daemon [_thread_blocked, id=9256, stack(0x000000cd0ff00000,0x000000cd10000000)]
  0x0000029075a6d890 JavaThread "Catalina-utility-1" [_thread_in_vm, id=10704, stack(0x000000cd10300000,0x000000cd10400000)] _threads_hazard_ptr=0x0000029075099360
  0x0000029075a6f0a0 JavaThread "Catalina-utility-2" [_thread_in_Java, id=13172, stack(0x000000cd10400000,0x000000cd10500000)]
  0x0000029075a6dd60 JavaThread "container-0" [_thread_blocked, id=13608, stack(0x000000cd10500000,0x000000cd10600000)]
  0x0000029075a708b0 JavaThread "File Watcher" daemon [_thread_blocked, id=1744, stack(0x000000cd10700000,0x000000cd10800000)]
  0x0000029075a71bf0 JavaThread "http-nio-8080-Poller" daemon [_thread_in_native, id=13696, stack(0x000000cd10800000,0x000000cd10900000)]
  0x0000029075a72590 JavaThread "http-nio-8080-Acceptor" daemon [_thread_in_native, id=12764, stack(0x000000cd10a00000,0x000000cd10b00000)]
  0x0000029075a6e230 JavaThread "http-nio-8080-exec-1" daemon [_thread_blocked, id=3128, stack(0x000000cd0e000000,0x000000cd0e100000)]
  0x0000029075a70d80 JavaThread "http-nio-8080-exec-2" daemon [_thread_blocked, id=3192, stack(0x000000cd0f600000,0x000000cd0f700000)]
  0x0000029075a6cef0 JavaThread "http-nio-8080-exec-3" daemon [_thread_blocked, id=14876, stack(0x000000cd0fd00000,0x000000cd0fe00000)]
  0x0000029075a71250 JavaThread "http-nio-8080-exec-4" daemon [_thread_blocked, id=3424, stack(0x000000cd0fe00000,0x000000cd0ff00000)]
  0x0000029075a6ebd0 JavaThread "http-nio-8080-exec-5" daemon [_thread_blocked, id=12356, stack(0x000000cd0e100000,0x000000cd0e200000)]
  0x0000029075a6f570 JavaThread "http-nio-8080-exec-6" daemon [_thread_blocked, id=11280, stack(0x000000cd10600000,0x000000cd10700000)]
  0x0000029075a71720 JavaThread "http-nio-8080-exec-7" daemon [_thread_blocked, id=9648, stack(0x000000cd10b00000,0x000000cd10c00000)]
  0x0000029075a73da0 JavaThread "http-nio-8080-exec-8" daemon [_thread_blocked, id=7784, stack(0x000000cd0f700000,0x000000cd0f800000)]
  0x0000029075a738d0 JavaThread "http-nio-8080-exec-9" daemon [_thread_blocked, id=3240, stack(0x000000cd10c00000,0x000000cd10d00000)]
  0x0000029075a720c0 JavaThread "http-nio-8080-exec-10" daemon [_thread_blocked, id=12432, stack(0x000000cd10d00000,0x000000cd10e00000)]

Other Threads:
  0x00000290734f1780 VMThread "VM Thread" [stack: 0x000000cd0e900000,0x000000cd0ea00000] [id=9680]
  0x000002905a070150 WatcherThread [stack: 0x000000cd0f400000,0x000000cd0f500000] [id=2624]
  0x000002905a049d30 GCTaskThread "GC Thread#0" [stack: 0x000000cd0e400000,0x000000cd0e500000] [id=10828]
  0x0000029074633360 GCTaskThread "GC Thread#1" [stack: 0x000000cd0f800000,0x000000cd0f900000] [id=12504]
  0x0000029074633610 GCTaskThread "GC Thread#2" [stack: 0x000000cd0f900000,0x000000cd0fa00000] [id=6996]
  0x0000029074da2c00 GCTaskThread "GC Thread#3" [stack: 0x000000cd0fa00000,0x000000cd0fb00000] [id=11968]
  0x0000029074bfed00 GCTaskThread "GC Thread#4" [stack: 0x000000cd0fb00000,0x000000cd0fc00000] [id=2024]
  0x0000029074b26d30 GCTaskThread "GC Thread#5" [stack: 0x000000cd0fc00000,0x000000cd0fd00000] [id=8044]
  0x000002907505e910 GCTaskThread "GC Thread#6" [stack: 0x000000cd10000000,0x000000cd10100000] [id=10428]
  0x0000029075426f90 GCTaskThread "GC Thread#7" [stack: 0x000000cd10100000,0x000000cd10200000] [id=3468]
  0x000002905a05a7c0 ConcurrentGCThread "G1 Main Marker" [stack: 0x000000cd0e500000,0x000000cd0e600000] [id=11336]
  0x000002905a05b0e0 ConcurrentGCThread "G1 Conc#0" [stack: 0x000000cd0e600000,0x000000cd0e700000] [id=13716]
  0x0000029075bc7fc0 ConcurrentGCThread "G1 Conc#1" [stack: 0x000000cd10200000,0x000000cd10300000] [id=2544]
  0x000002905a0d9910 ConcurrentGCThread "G1 Refine#0" [stack: 0x000000cd0e700000,0x000000cd0e800000] [id=7528]
  0x000002905a0da240 ConcurrentGCThread "G1 Service" [stack: 0x000000cd0e800000,0x000000cd0e900000] [id=13040]

Threads with active compile tasks:
C2 CompilerThread0  152324246 7770   !   4       java.util.concurrent.ScheduledThreadPoolExecutor$DelayedWorkQueue::offer (123 bytes)

VM state: not at safepoint (normal execution)

VM Mutex/Monitor currently owned by a thread: None

Heap address: 0x0000000081e00000, size: 2018 MB, Compressed Oops mode: 32-bit

CDS archive(s) not mapped
Compressed class space mapped at: 0x0000000100000000-0x0000000140000000, reserved size: 1073741824
Narrow klass base: 0x0000000000000000, Narrow klass shift: 3, Narrow klass range: 0x140000000

GC Precious Log:
 CPUs: 8 total, 8 available
 Memory: 8068M
 Large Page Support: Disabled
 NUMA Support: Disabled
 Compressed Oops: Enabled (32-bit)
 Heap Region Size: 1M
 Heap Min Capacity: 8M
 Heap Initial Capacity: 128M
 Heap Max Capacity: 2018M
 Pre-touch: Disabled
 Parallel Workers: 8
 Concurrent Workers: 2
 Concurrent Refinement Workers: 8
 Periodic GC: Disabled

Heap:
 garbage-first heap   total 71680K, used 56009K [0x0000000081e00000, 0x0000000100000000)
  region size 1024K, 33 young (33792K), 2 survivors (2048K)
 Metaspace       used 65067K, committed 65536K, reserved 1105920K
  class space    used 8186K, committed 8384K, reserved 1048576K

Heap Regions: E=young(eden), S=young(survivor), O=old, HS=humongous(starts), HC=humongous(continues), CS=collection set, F=free, OA=open archive, CA=closed archive, TAMS=top-at-mark-start (previous, next)
|   0|0x0000000081e00000, 0x0000000081f00000, 0x0000000081f00000|100%|HS|  |TAMS 0x0000000081f00000, 0x0000000081e00000| Untracked 
|   1|0x0000000081f00000, 0x0000000082000000, 0x0000000082000000|100%| O|  |TAMS 0x0000000082000000, 0x0000000081f00000| Untracked 
|   2|0x0000000082000000, 0x00000000820fffa0, 0x0000000082100000| 99%| O|  |TAMS 0x00000000820fffa0, 0x0000000082000000| Untracked 
|   3|0x0000000082100000, 0x00000000821ffff8, 0x0000000082200000| 99%| O|  |TAMS 0x00000000821ffff8, 0x0000000082100000| Untracked 
|   4|0x0000000082200000, 0x00000000822ffff0, 0x0000000082300000| 99%| O|  |TAMS 0x00000000822ffff0, 0x0000000082200000| Untracked 
|   5|0x0000000082300000, 0x0000000082400000, 0x0000000082400000|100%| O|  |TAMS 0x0000000082400000, 0x0000000082300000| Untracked 
|   6|0x0000000082400000, 0x00000000824fffd8, 0x0000000082500000| 99%| O|  |TAMS 0x00000000824fffd8, 0x0000000082400000| Untracked 
|   7|0x0000000082500000, 0x0000000082600000, 0x0000000082600000|100%| O|  |TAMS 0x0000000082600000, 0x0000000082500000| Untracked 
|   8|0x0000000082600000, 0x00000000826fffa8, 0x0000000082700000| 99%| O|  |TAMS 0x00000000826fffa8, 0x0000000082600000| Untracked 
|   9|0x0000000082700000, 0x00000000827fffd0, 0x0000000082800000| 99%| O|  |TAMS 0x00000000827fffd0, 0x0000000082700000| Untracked 
|  10|0x0000000082800000, 0x00000000828fffe0, 0x0000000082900000| 99%| O|  |TAMS 0x00000000828fffe0, 0x0000000082800000| Untracked 
|  11|0x0000000082900000, 0x00000000829ffff0, 0x0000000082a00000| 99%| O|  |TAMS 0x00000000829ffff0, 0x0000000082900000| Untracked 
|  12|0x0000000082a00000, 0x0000000082affff8, 0x0000000082b00000| 99%| O|  |TAMS 0x0000000082affff8, 0x0000000082a00000| Untracked 
|  13|0x0000000082b00000, 0x0000000082bfffd0, 0x0000000082c00000| 99%| O|  |TAMS 0x0000000082bfffd0, 0x0000000082b00000| Untracked 
|  14|0x0000000082c00000, 0x0000000082ce6f00, 0x0000000082d00000| 90%| O|  |TAMS 0x0000000082c00000, 0x0000000082c00000| Untracked 
|  15|0x0000000082d00000, 0x0000000082e00000, 0x0000000082e00000|100%| O|  |TAMS 0x0000000082e00000, 0x0000000082d00000| Untracked 
|  16|0x0000000082e00000, 0x0000000082efffd0, 0x0000000082f00000| 99%| O|  |TAMS 0x0000000082e00000, 0x0000000082e00000| Untracked 
|  17|0x0000000082f00000, 0x0000000082fbeb70, 0x0000000083000000| 74%| O|  |TAMS 0x0000000082f00000, 0x0000000082f00000| Untracked 
|  18|0x0000000083000000, 0x00000000830fda28, 0x0000000083100000| 99%| O|  |TAMS 0x00000000830fda28, 0x0000000083000000| Untracked 
|  19|0x0000000083100000, 0x00000000831b5598, 0x0000000083200000| 70%| O|  |TAMS 0x0000000083100000, 0x0000000083100000| Untracked 
|  20|0x0000000083200000, 0x00000000832ca7e8, 0x0000000083300000| 79%| O|  |TAMS 0x0000000083200000, 0x0000000083200000| Untracked 
|  21|0x0000000083300000, 0x0000000083400000, 0x0000000083400000|100%| O|  |TAMS 0x0000000083300000, 0x0000000083300000| Untracked 
|  22|0x0000000083400000, 0x0000000083500000, 0x0000000083500000|100%| O|  |TAMS 0x0000000083400000, 0x0000000083400000| Untracked 
|  23|0x0000000083500000, 0x0000000083595200, 0x0000000083600000| 58%| O|  |TAMS 0x0000000083500000, 0x0000000083500000| Untracked 
|  24|0x0000000083600000, 0x0000000083600000, 0x0000000083700000|  0%| F|  |TAMS 0x0000000083600000, 0x0000000083600000| Untracked 
|  25|0x0000000083700000, 0x0000000083700000, 0x0000000083800000|  0%| F|  |TAMS 0x0000000083700000, 0x0000000083700000| Untracked 
|  26|0x0000000083800000, 0x0000000083800000, 0x0000000083900000|  0%| F|  |TAMS 0x0000000083800000, 0x0000000083800000| Untracked 
|  27|0x0000000083900000, 0x0000000083900000, 0x0000000083a00000|  0%| F|  |TAMS 0x0000000083900000, 0x0000000083900000| Untracked 
|  28|0x0000000083a00000, 0x0000000083a00000, 0x0000000083b00000|  0%| F|  |TAMS 0x0000000083a00000, 0x0000000083a00000| Untracked 
|  29|0x0000000083b00000, 0x0000000083b00000, 0x0000000083c00000|  0%| F|  |TAMS 0x0000000083b00000, 0x0000000083b00000| Untracked 
|  30|0x0000000083c00000, 0x0000000083c00000, 0x0000000083d00000|  0%| F|  |TAMS 0x0000000083c00000, 0x0000000083c00000| Untracked 
|  31|0x0000000083d00000, 0x0000000083d00000, 0x0000000083e00000|  0%| F|  |TAMS 0x0000000083d00000, 0x0000000083d00000| Untracked 
|  32|0x0000000083e00000, 0x0000000083e00000, 0x0000000083f00000|  0%| F|  |TAMS 0x0000000083e00000, 0x0000000083e00000| Untracked 
|  33|0x0000000083f00000, 0x0000000083f00000, 0x0000000084000000|  0%| F|  |TAMS 0x0000000083f00000, 0x0000000083f00000| Untracked 
|  34|0x0000000084000000, 0x00000000840e60e8, 0x0000000084100000| 89%| S|CS|TAMS 0x0000000084000000, 0x0000000084000000| Complete 
|  35|0x0000000084100000, 0x0000000084200000, 0x0000000084200000|100%| S|CS|TAMS 0x0000000084100000, 0x0000000084100000| Complete 
|  36|0x0000000084200000, 0x0000000084214378, 0x0000000084300000|  7%| O|  |TAMS 0x0000000084200000, 0x0000000084200000| Untracked 
|  37|0x0000000084300000, 0x0000000084300000, 0x0000000084400000|  0%| F|  |TAMS 0x0000000084300000, 0x0000000084300000| Untracked 
|  38|0x0000000084400000, 0x0000000084400000, 0x0000000084500000|  0%| F|  |TAMS 0x0000000084400000, 0x0000000084400000| Untracked 
|  39|0x0000000084500000, 0x000000008459b300, 0x0000000084600000| 60%| E|  |TAMS 0x0000000084500000, 0x0000000084500000| Complete 
|  40|0x0000000084600000, 0x0000000084700000, 0x0000000084700000|100%| E|CS|TAMS 0x0000000084600000, 0x0000000084600000| Complete 
|  41|0x0000000084700000, 0x0000000084800000, 0x0000000084800000|100%| E|CS|TAMS 0x0000000084700000, 0x0000000084700000| Complete 
|  42|0x0000000084800000, 0x0000000084900000, 0x0000000084900000|100%| E|CS|TAMS 0x0000000084800000, 0x0000000084800000| Complete 
|  43|0x0000000084900000, 0x0000000084a00000, 0x0000000084a00000|100%| E|CS|TAMS 0x0000000084900000, 0x0000000084900000| Complete 
|  44|0x0000000084a00000, 0x0000000084b00000, 0x0000000084b00000|100%| E|CS|TAMS 0x0000000084a00000, 0x0000000084a00000| Complete 
|  45|0x0000000084b00000, 0x0000000084c00000, 0x0000000084c00000|100%| E|CS|TAMS 0x0000000084b00000, 0x0000000084b00000| Complete 
|  46|0x0000000084c00000, 0x0000000084d00000, 0x0000000084d00000|100%| E|CS|TAMS 0x0000000084c00000, 0x0000000084c00000| Complete 
|  47|0x0000000084d00000, 0x0000000084e00000, 0x0000000084e00000|100%| E|CS|TAMS 0x0000000084d00000, 0x0000000084d00000| Complete 
|  48|0x0000000084e00000, 0x0000000084f00000, 0x0000000084f00000|100%| E|CS|TAMS 0x0000000084e00000, 0x0000000084e00000| Complete 
|  49|0x0000000084f00000, 0x0000000085000000, 0x0000000085000000|100%| E|CS|TAMS 0x0000000084f00000, 0x0000000084f00000| Complete 
|  50|0x0000000085000000, 0x0000000085100000, 0x0000000085100000|100%| E|CS|TAMS 0x0000000085000000, 0x0000000085000000| Complete 
|  51|0x0000000085100000, 0x0000000085200000, 0x0000000085200000|100%| E|CS|TAMS 0x0000000085100000, 0x0000000085100000| Complete 
|  52|0x0000000085200000, 0x0000000085300000, 0x0000000085300000|100%| E|CS|TAMS 0x0000000085200000, 0x0000000085200000| Complete 
|  53|0x0000000085300000, 0x0000000085400000, 0x0000000085400000|100%| E|CS|TAMS 0x0000000085300000, 0x0000000085300000| Complete 
|  54|0x0000000085400000, 0x0000000085500000, 0x0000000085500000|100%| E|CS|TAMS 0x0000000085400000, 0x0000000085400000| Complete 
|  55|0x0000000085500000, 0x0000000085600000, 0x0000000085600000|100%| E|CS|TAMS 0x0000000085500000, 0x0000000085500000| Complete 
|  56|0x0000000085600000, 0x0000000085700000, 0x0000000085700000|100%| E|CS|TAMS 0x0000000085600000, 0x0000000085600000| Complete 
|  57|0x0000000085700000, 0x0000000085800000, 0x0000000085800000|100%| E|CS|TAMS 0x0000000085700000, 0x0000000085700000| Complete 
|  58|0x0000000085800000, 0x0000000085900000, 0x0000000085900000|100%| E|CS|TAMS 0x0000000085800000, 0x0000000085800000| Complete 
|  59|0x0000000085900000, 0x0000000085a00000, 0x0000000085a00000|100%| E|CS|TAMS 0x0000000085900000, 0x0000000085900000| Complete 
|  60|0x0000000085a00000, 0x0000000085b00000, 0x0000000085b00000|100%| E|CS|TAMS 0x0000000085a00000, 0x0000000085a00000| Complete 
|  61|0x0000000085b00000, 0x0000000085c00000, 0x0000000085c00000|100%| E|CS|TAMS 0x0000000085b00000, 0x0000000085b00000| Complete 
|  62|0x0000000085c00000, 0x0000000085d00000, 0x0000000085d00000|100%| E|CS|TAMS 0x0000000085c00000, 0x0000000085c00000| Complete 
|  63|0x0000000085d00000, 0x0000000085e00000, 0x0000000085e00000|100%| E|CS|TAMS 0x0000000085d00000, 0x0000000085d00000| Complete 
|  64|0x0000000085e00000, 0x0000000085f00000, 0x0000000085f00000|100%| E|CS|TAMS 0x0000000085e00000, 0x0000000085e00000| Complete 
|  65|0x0000000085f00000, 0x0000000086000000, 0x0000000086000000|100%| E|CS|TAMS 0x0000000085f00000, 0x0000000085f00000| Complete 
|  66|0x0000000086000000, 0x0000000086100000, 0x0000000086100000|100%| E|CS|TAMS 0x0000000086000000, 0x0000000086000000| Complete 
|  67|0x0000000086100000, 0x0000000086200000, 0x0000000086200000|100%| E|CS|TAMS 0x0000000086100000, 0x0000000086100000| Complete 
|  68|0x0000000086200000, 0x0000000086300000, 0x0000000086300000|100%| E|CS|TAMS 0x0000000086200000, 0x0000000086200000| Complete 
| 102|0x0000000088400000, 0x0000000088500000, 0x0000000088500000|100%| E|CS|TAMS 0x0000000088400000, 0x0000000088400000| Complete 

Card table byte_map: [0x000002906c3c0000,0x000002906c7c0000] _byte_map_base: 0x000002906bfb1000

Marking Bits (Prev, Next): (CMBitMap*) 0x000002905a04a290, (CMBitMap*) 0x000002905a04a250
 Prev Bits: [0x000002906eb50000, 0x0000029070ad8000)
 Next Bits: [0x000002906cbc0000, 0x000002906eb48000)

Polling page: 0x0000029057eb0000

Metaspace:

Usage:
  Non-class:     55.55 MB used.
      Class:      7.99 MB used.
       Both:     63.54 MB used.

Virtual space:
  Non-class space:       56.00 MB reserved,      55.81 MB (>99%) committed,  7 nodes.
      Class space:        1.00 GB reserved,       8.19 MB ( <1%) committed,  1 nodes.
             Both:        1.05 GB reserved,      64.00 MB (  6%) committed. 

Chunk freelists:
   Non-Class:  32.00 KB
       Class:  3.84 MB
        Both:  3.87 MB

MaxMetaspaceSize: unlimited
CompressedClassSpaceSize: 1.00 GB
Initial GC threshold: 21.00 MB
Current GC threshold: 104.69 MB
CDS: off
MetaspaceReclaimPolicy: balanced
 - commit_granule_bytes: 65536.
 - commit_granule_words: 8192.
 - virtual_space_node_default_size: 1048576.
 - enlarge_chunks_in_place: 1.
 - new_chunks_are_fully_committed: 0.
 - uncommit_free_chunks: 1.
 - use_allocation_guard: 0.
 - handle_deallocations: 1.


Internal statistics:

num_allocs_failed_limit: 9.
num_arena_births: 550.
num_arena_deaths: 4.
num_vsnodes_births: 8.
num_vsnodes_deaths: 0.
num_space_committed: 1024.
num_space_uncommitted: 0.
num_chunks_returned_to_freelist: 14.
num_chunks_taken_from_freelist: 2707.
num_chunk_merges: 9.
num_chunk_splits: 1879.
num_chunks_enlarged: 1440.
num_purges: 8.
num_inconsistent_stats: 0.

CodeHeap 'non-profiled nmethods': size=120000Kb used=5402Kb max_used=5402Kb free=114598Kb
 bounds [0x0000029064760000, 0x0000029064cb0000, 0x000002906bc90000]
CodeHeap 'profiled nmethods': size=120000Kb used=13320Kb max_used=13320Kb free=106679Kb
 bounds [0x000002905d230000, 0x000002905df40000, 0x0000029064760000]
CodeHeap 'non-nmethods': size=5760Kb used=1298Kb max_used=1441Kb free=4461Kb
 bounds [0x000002905cc90000, 0x000002905cf00000, 0x000002905d230000]
 total_blobs=7524 nmethods=6900 adapters=536
 compilation: enabled
              stopped_count=0, restarted_count=0
 full_count=0

Compilation events (20 events):
Event: 15217.429 Thread 0x000002907354f8f0 nmethod 7761 0x000002905df29290 code [0x000002905df29420, 0x000002905df29568]
Event: 15217.430 Thread 0x000002907354f8f0 7762       3       org.apache.catalina.core.ContainerBase$ContainerBackgroundProcessorMonitor::run (21 bytes)
Event: 15217.430 Thread 0x000002907354f8f0 nmethod 7762 0x000002905df29610 code [0x000002905df297c0, 0x000002905df29a88]
Event: 15217.708 Thread 0x000002907354f8f0 7763       3       org.apache.coyote.AbstractProtocol$$Lambda$973/0x000000010074f610::run (8 bytes)
Event: 15217.709 Thread 0x000002907354f8f0 nmethod 7763 0x000002905df29b90 code [0x000002905df29d40, 0x000002905df2a128]
Event: 15217.709 Thread 0x000002907354f8f0 7764       3       org.apache.coyote.AbstractProtocol::lambda$start$0 (12 bytes)
Event: 15217.709 Thread 0x000002907354f8f0 nmethod 7764 0x000002905df2a290 code [0x000002905df2a440, 0x000002905df2a7a8]
Event: 15217.709 Thread 0x000002907354f8f0 7765   !   3       org.apache.coyote.AbstractProtocol::startAsyncTimeout (95 bytes)
Event: 15217.710 Thread 0x000002907354f8f0 nmethod 7765 0x000002905df2a910 code [0x000002905df2abc0, 0x000002905df2bc18]
Event: 15287.533 Thread 0x000002907354f8f0 7766       3       org.apache.catalina.session.ManagerBase::findSessions (22 bytes)
Event: 15287.534 Thread 0x000002907354f8f0 nmethod 7766 0x000002905df2c210 code [0x000002905df2c3e0, 0x000002905df2c818]
Event: 152324.089 Thread 0x0000029073522b90 7767       4       org.apache.catalina.core.StandardServer$$Lambda$656/0x000000010048e600::run (8 bytes)
Event: 152324.100 Thread 0x0000029073522b90 nmethod 7767 0x0000029064ca5690 code [0x0000029064ca5840, 0x0000029064ca5ad8]
Event: 152324.101 Thread 0x000002907354f8f0 7768   !   3       java.util.concurrent.ScheduledThreadPoolExecutor$DelayedWorkQueue::offer (123 bytes)
Event: 152324.101 Thread 0x0000029073522b90 7769       4       java.util.concurrent.locks.AbstractQueuedSynchronizer$ConditionObject::signal (34 bytes)
Event: 152324.103 Thread 0x000002907354f8f0 nmethod 7768 0x000002905df2c990 code [0x000002905df2cc80, 0x000002905df2e038]
Event: 152324.143 Thread 0x0000029073522b90 nmethod 7769 0x0000029064ca5d90 code [0x0000029064ca5f20, 0x0000029064ca65b8]
Event: 152324.143 Thread 0x0000029073522b90 7770   !   4       java.util.concurrent.ScheduledThreadPoolExecutor$DelayedWorkQueue::offer (123 bytes)
Event: 152324.165 Thread 0x000002907354f8f0 7773       3       java.util.concurrent.locks.AbstractQueuedSynchronizer$ConditionObject::awaitNanos (200 bytes)
Event: 152324.167 Thread 0x000002907354f8f0 nmethod 7773 0x000002905df2e890 code [0x000002905df2eb60, 0x000002905df2fb68]

GC Heap History (20 events):
Event: 687.220 GC heap before
{Heap before GC invocations=26 (full 3):
 garbage-first heap   total 71680K, used 55319K [0x0000000081e00000, 0x0000000100000000)
  region size 1024K, 35 young (35840K), 0 survivors (0K)
 Metaspace       used 63528K, committed 64000K, reserved 1105920K
  class space    used 8086K, committed 8256K, reserved 1048576K
}
Event: 687.223 GC heap after
{Heap after GC invocations=27 (full 3):
 garbage-first heap   total 71680K, used 22666K [0x0000000081e00000, 0x0000000100000000)
  region size 1024K, 3 young (3072K), 3 survivors (3072K)
 Metaspace       used 63528K, committed 64000K, reserved 1105920K
  class space    used 8086K, committed 8256K, reserved 1048576K
}
Event: 687.275 GC heap before
{Heap before GC invocations=27 (full 3):
 garbage-first heap   total 71680K, used 54410K [0x0000000081e00000, 0x0000000100000000)
  region size 1024K, 35 young (35840K), 3 survivors (3072K)
 Metaspace       used 63556K, committed 64000K, reserved 1105920K
  class space    used 8086K, committed 8256K, reserved 1048576K
}
Event: 687.277 GC heap after
{Heap after GC invocations=28 (full 3):
 garbage-first heap   total 71680K, used 23396K [0x0000000081e00000, 0x0000000100000000)
  region size 1024K, 3 young (3072K), 3 survivors (3072K)
 Metaspace       used 63556K, committed 64000K, reserved 1105920K
  class space    used 8086K, committed 8256K, reserved 1048576K
}
Event: 755.310 GC heap before
{Heap before GC invocations=28 (full 3):
 garbage-first heap   total 71680K, used 44900K [0x0000000081e00000, 0x0000000100000000)
  region size 1024K, 25 young (25600K), 3 survivors (3072K)
 Metaspace       used 63889K, committed 64320K, reserved 1105920K
  class space    used 8104K, committed 8320K, reserved 1048576K
}
Event: 755.338 GC heap after
{Heap after GC invocations=29 (full 4):
 garbage-first heap   total 71680K, used 20700K [0x0000000081e00000, 0x0000000100000000)
  region size 1024K, 0 young (0K), 0 survivors (0K)
 Metaspace       used 63887K, committed 64320K, reserved 1105920K
  class space    used 8104K, committed 8320K, reserved 1048576K
}
Event: 755.565 GC heap before
{Heap before GC invocations=29 (full 4):
 garbage-first heap   total 71680K, used 55516K [0x0000000081e00000, 0x0000000100000000)
  region size 1024K, 35 young (35840K), 0 survivors (0K)
 Metaspace       used 63975K, committed 64448K, reserved 1105920K
  class space    used 8108K, committed 8320K, reserved 1048576K
}
Event: 755.567 GC heap after
{Heap after GC invocations=30 (full 4):
 garbage-first heap   total 71680K, used 22955K [0x0000000081e00000, 0x0000000100000000)
  region size 1024K, 3 young (3072K), 3 survivors (3072K)
 Metaspace       used 63975K, committed 64448K, reserved 1105920K
  class space    used 8108K, committed 8320K, reserved 1048576K
}
Event: 755.622 GC heap before
{Heap before GC invocations=30 (full 4):
 garbage-first heap   total 71680K, used 54699K [0x0000000081e00000, 0x0000000100000000)
  region size 1024K, 35 young (35840K), 3 survivors (3072K)
 Metaspace       used 63990K, committed 64448K, reserved 1105920K
  class space    used 8108K, committed 8320K, reserved 1048576K
}
Event: 755.624 GC heap after
{Heap after GC invocations=31 (full 4):
 garbage-first heap   total 71680K, used 23693K [0x0000000081e00000, 0x0000000100000000)
  region size 1024K, 3 young (3072K), 3 survivors (3072K)
 Metaspace       used 63990K, committed 64448K, reserved 1105920K
  class space    used 8108K, committed 8320K, reserved 1048576K
}
Event: 1777.423 GC heap before
{Heap before GC invocations=31 (full 4):
 garbage-first heap   total 71680K, used 57485K [0x0000000081e00000, 0x0000000100000000)
  region size 1024K, 36 young (36864K), 3 survivors (3072K)
 Metaspace       used 64878K, committed 65344K, reserved 1105920K
  class space    used 8185K, committed 8384K, reserved 1048576K
}
Event: 1777.433 GC heap after
{Heap after GC invocations=32 (full 4):
 garbage-first heap   total 71680K, used 25471K [0x0000000081e00000, 0x0000000100000000)
  region size 1024K, 4 young (4096K), 4 survivors (4096K)
 Metaspace       used 64878K, committed 65344K, reserved 1105920K
  class space    used 8185K, committed 8384K, reserved 1048576K
}
Event: 4698.049 GC heap before
{Heap before GC invocations=32 (full 4):
 garbage-first heap   total 71680K, used 56191K [0x0000000081e00000, 0x0000000100000000)
  region size 1024K, 34 young (34816K), 4 survivors (4096K)
 Metaspace       used 64954K, committed 65408K, reserved 1105920K
  class space    used 8185K, committed 8384K, reserved 1048576K
}
Event: 4698.052 GC heap after
{Heap after GC invocations=33 (full 4):
 garbage-first heap   total 71680K, used 25735K [0x0000000081e00000, 0x0000000100000000)
  region size 1024K, 3 young (3072K), 3 survivors (3072K)
 Metaspace       used 64954K, committed 65408K, reserved 1105920K
  class space    used 8185K, committed 8384K, reserved 1048576K
}
Event: 7661.602 GC heap before
{Heap before GC invocations=33 (full 4):
 garbage-first heap   total 71680K, used 56455K [0x0000000081e00000, 0x0000000100000000)
  region size 1024K, 33 young (33792K), 3 survivors (3072K)
 Metaspace       used 64974K, committed 65408K, reserved 1105920K
  class space    used 8185K, committed 8384K, reserved 1048576K
}
Event: 7661.605 GC heap after
{Heap after GC invocations=34 (full 4):
 garbage-first heap   total 71680K, used 25393K [0x0000000081e00000, 0x0000000100000000)
  region size 1024K, 2 young (2048K), 2 survivors (2048K)
 Metaspace       used 64974K, committed 65408K, reserved 1105920K
  class space    used 8185K, committed 8384K, reserved 1048576K
}
Event: 10730.628 GC heap before
{Heap before GC invocations=34 (full 4):
 garbage-first heap   total 71680K, used 58161K [0x0000000081e00000, 0x0000000100000000)
  region size 1024K, 34 young (34816K), 2 survivors (2048K)
 Metaspace       used 64999K, committed 65408K, reserved 1105920K
  class space    used 8186K, committed 8384K, reserved 1048576K
}
Event: 10730.632 GC heap after
{Heap after GC invocations=35 (full 4):
 garbage-first heap   total 71680K, used 25409K [0x0000000081e00000, 0x0000000100000000)
  region size 1024K, 3 young (3072K), 3 survivors (3072K)
 Metaspace       used 64999K, committed 65408K, reserved 1105920K
  class space    used 8186K, committed 8384K, reserved 1048576K
}
Event: 13760.561 GC heap before
{Heap before GC invocations=35 (full 4):
 garbage-first heap   total 71680K, used 58177K [0x0000000081e00000, 0x0000000100000000)
  region size 1024K, 35 young (35840K), 3 survivors (3072K)
 Metaspace       used 65032K, committed 65536K, reserved 1105920K
  class space    used 8186K, committed 8384K, reserved 1048576K
}
Event: 13760.563 GC heap after
{Heap after GC invocations=36 (full 4):
 garbage-first heap   total 71680K, used 25289K [0x0000000081e00000, 0x0000000100000000)
  region size 1024K, 2 young (2048K), 2 survivors (2048K)
 Metaspace       used 65032K, committed 65536K, reserved 1105920K
  class space    used 8186K, committed 8384K, reserved 1048576K
}

Deoptimization events (20 events):
Event: 2627.069 Thread 0x0000029075a6d890 DEOPT PACKING pc=0x0000029064c66d08 sp=0x000000cd103fed60
Event: 2627.069 Thread 0x0000029075a6d890 DEOPT UNPACKING pc=0x000002905cce23a3 sp=0x000000cd103fece8 mode 2
Event: 3566.805 Thread 0x0000029075a6d890 Uncommon trap: trap_request=0xffffff45 fr.pc=0x0000029064c5c5b8 relative=0x0000000000001bf8
Event: 3566.805 Thread 0x0000029075a6d890 Uncommon trap: reason=unstable_if action=reinterpret pc=0x0000029064c5c5b8 method=java.util.concurrent.locks.AbstractQueuedSynchronizer.acquire(Ljava/util/concurrent/locks/AbstractQueuedSynchronizer$Node;IZZZJ)I @ 49 c2
Event: 3566.805 Thread 0x0000029075a6d890 DEOPT PACKING pc=0x0000029064c5c5b8 sp=0x000000cd103fee50
Event: 3566.805 Thread 0x0000029075a6d890 DEOPT UNPACKING pc=0x000002905cce23a3 sp=0x000000cd103fede8 mode 2
Event: 11212.793 Thread 0x0000029075a6d890 Uncommon trap: trap_request=0xffffff45 fr.pc=0x0000029064c828e4 relative=0x0000000000002724
Event: 11212.794 Thread 0x0000029075a6d890 Uncommon trap: reason=unstable_if action=reinterpret pc=0x0000029064c828e4 method=java.util.concurrent.locks.AbstractQueuedSynchronizer.acquire(Ljava/util/concurrent/locks/AbstractQueuedSynchronizer$Node;IZZZJ)I @ 99 c2
Event: 11212.794 Thread 0x0000029075a6d890 DEOPT PACKING pc=0x0000029064c828e4 sp=0x000000cd103fef80
Event: 11212.794 Thread 0x0000029075a6d890 DEOPT UNPACKING pc=0x000002905cce23a3 sp=0x000000cd103fef50 mode 2
Event: 15028.662 Thread 0x0000029075a6fa40 DEOPT PACKING pc=0x000002905d314698 sp=0x000000cd10efe6a0
Event: 15028.662 Thread 0x0000029075a6fa40 DEOPT UNPACKING pc=0x000002905cce2b43 sp=0x000000cd10efdaf8 mode 0
Event: 152324.101 Thread 0x0000029075a6f0a0 Uncommon trap: trap_request=0xffffff45 fr.pc=0x0000029064c7c968 relative=0x00000000000010c8
Event: 152324.101 Thread 0x0000029075a6f0a0 Uncommon trap: reason=unstable_if action=reinterpret pc=0x0000029064c7c968 method=jdk.internal.misc.Unsafe.getAndBitwiseAndInt(Ljava/lang/Object;JI)I @ 21 c2
Event: 152324.101 Thread 0x0000029075a6f0a0 DEOPT PACKING pc=0x0000029064c7c968 sp=0x000000cd104fef70
Event: 152324.101 Thread 0x0000029075a6f0a0 DEOPT UNPACKING pc=0x000002905cce23a3 sp=0x000000cd104fed30 mode 2
Event: 152324.162 Thread 0x0000029075a6f0a0 Uncommon trap: trap_request=0xffffff45 fr.pc=0x0000029064c713d8 relative=0x0000000000000d38
Event: 152324.162 Thread 0x0000029075a6f0a0 Uncommon trap: reason=unstable_if action=reinterpret pc=0x0000029064c713d8 method=java.util.concurrent.locks.AbstractQueuedSynchronizer.isEnqueued(Ljava/util/concurrent/locks/AbstractQueuedSynchronizer$Node;)Z @ 11 c2
Event: 152324.162 Thread 0x0000029075a6f0a0 DEOPT PACKING pc=0x0000029064c713d8 sp=0x000000cd104fef50
Event: 152324.162 Thread 0x0000029075a6f0a0 DEOPT UNPACKING pc=0x000002905cce23a3 sp=0x000000cd104fedf8 mode 2

Classes unloaded (2 events):
Event: 686.938 Thread 0x00000290734f1780 Unloading class 0x0000000100804000 'org/apache/catalina/loader/JdbcLeakPrevention'
Event: 755.318 Thread 0x00000290734f1780 Unloading class 0x000000010080c800 'org/apache/catalina/loader/JdbcLeakPrevention'

Classes redefined (0 events):
No events

Internal exceptions (20 events):
Event: 687.359 Thread 0x0000029075a6ebd0 Exception <a 'java/lang/ClassNotFoundException'{0x0000000085ff8910}: com/wellerson/model/CourseCustomizer> (0x0000000085ff8910) 
thrown [e:\jenkins\tmp\workspace\build\src\src\hotspot\share\classfile\systemDictionary.cpp, line 256]
Event: 687.488 Thread 0x0000029075a6ebd0 Exception <a 'java/lang/ClassNotFoundException'{0x000000008506f0d8}: java/lang/ObjectCustomizer> (0x000000008506f0d8) 
thrown [e:\jenkins\tmp\workspace\build\src\src\hotspot\share\classfile\systemDictionary.cpp, line 256]
Event: 687.488 Thread 0x0000029075a6ebd0 Exception <a 'java/lang/ClassNotFoundException'{0x0000000085077848}: com/wellerson/model/CourseCustomizer> (0x0000000085077848) 
thrown [e:\jenkins\tmp\workspace\build\src\src\hotspot\share\classfile\systemDictionary.cpp, line 256]
Event: 755.094 Thread 0x0000029075a74740 Exception <a 'java/lang/InterruptedException'{0x0000000084e7f640}: sleep interrupted> (0x0000000084e7f640) 
thrown [e:\jenkins\tmp\workspace\build\src\src\hotspot\share\prims\jvm.cpp, line 3067]
Event: 755.350 Thread 0x0000029075a6ebd0 Exception <a 'sun/nio/fs/WindowsException'{0x00000000884a4568}> (0x00000000884a4568) 
thrown [e:\jenkins\tmp\workspace\build\src\src\hotspot\share\prims\jni.cpp, line 516]
Event: 755.532 Thread 0x0000029075a6ebd0 Exception <a 'java/lang/NoClassDefFoundError'{0x000000008507f078}: org/flywaydb/core/Flyway> (0x000000008507f078) 
thrown [e:\jenkins\tmp\workspace\build\src\src\hotspot\share\oops\constantPool.cpp, line 835]
Event: 755.532 Thread 0x0000029075a6ebd0 Exception <a 'java/lang/NoClassDefFoundError'{0x000000008507f6c8}: liquibase/integration/spring/SpringLiquibase> (0x000000008507f6c8) 
thrown [e:\jenkins\tmp\workspace\build\src\src\hotspot\share\oops\constantPool.cpp, line 835]
Event: 755.535 Thread 0x0000029075a6ebd0 Exception <a 'java/lang/NoClassDefFoundError'{0x00000000850b8fa8}: org/jooq/DSLContext> (0x00000000850b8fa8) 
thrown [e:\jenkins\tmp\workspace\build\src\src\hotspot\share\oops\constantPool.cpp, line 835]
Event: 755.535 Thread 0x0000029075a6ebd0 Exception <a 'java/lang/NoClassDefFoundError'{0x00000000850bf158}: org/springframework/batch/core/repository/JobRepository> (0x00000000850bf158) 
thrown [e:\jenkins\tmp\workspace\build\src\src\hotspot\share\oops\constantPool.cpp, line 835]
Event: 755.535 Thread 0x0000029075a6ebd0 Exception <a 'java/lang/NoClassDefFoundError'{0x00000000850bf7a0}: org/quartz/Scheduler> (0x00000000850bf7a0) 
thrown [e:\jenkins\tmp\workspace\build\src\src\hotspot\share\oops\constantPool.cpp, line 835]
Event: 755.535 Thread 0x0000029075a6ebd0 Exception <a 'java/lang/NoClassDefFoundError'{0x00000000850bfe10}: org/springframework/session/jdbc/JdbcIndexedSessionRepository> (0x00000000850bfe10) 
thrown [e:\jenkins\tmp\workspace\build\src\src\hotspot\share\oops\constantPool.cpp, line 835]
Event: 755.574 Thread 0x0000029075a6ebd0 Exception <a 'sun/nio/fs/WindowsException'{0x0000000084a685f8}> (0x0000000084a685f8) 
thrown [e:\jenkins\tmp\workspace\build\src\src\hotspot\share\prims\jni.cpp, line 516]
Event: 755.574 Thread 0x0000029075a6ebd0 Exception <a 'sun/nio/fs/WindowsException'{0x0000000084a68d20}> (0x0000000084a68d20) 
thrown [e:\jenkins\tmp\workspace\build\src\src\hotspot\share\prims\jni.cpp, line 516]
Event: 755.574 Thread 0x0000029075a6ebd0 Exception <a 'sun/nio/fs/WindowsException'{0x0000000084a69418}> (0x0000000084a69418) 
thrown [e:\jenkins\tmp\workspace\build\src\src\hotspot\share\prims\jni.cpp, line 516]
Event: 755.583 Thread 0x0000029075a6ebd0 Exception <a 'java/io/FileNotFoundException'{0x0000000084a9d0f0}> (0x0000000084a9d0f0) 
thrown [e:\jenkins\tmp\workspace\build\src\src\hotspot\share\prims\jni.cpp, line 516]
Event: 755.611 Thread 0x0000029075a6ebd0 Exception <a 'java/io/FileNotFoundException'{0x00000000845cded0}> (0x00000000845cded0) 
thrown [e:\jenkins\tmp\workspace\build\src\src\hotspot\share\prims\jni.cpp, line 516]
Event: 755.676 Thread 0x0000029075a6ebd0 Exception <a 'java/lang/ClassNotFoundException'{0x0000000085f19c50}: java/lang/ObjectCustomizer> (0x0000000085f19c50) 
thrown [e:\jenkins\tmp\workspace\build\src\src\hotspot\share\classfile\systemDictionary.cpp, line 256]
Event: 755.676 Thread 0x0000029075a6ebd0 Exception <a 'java/lang/ClassNotFoundException'{0x0000000085f22aa0}: com/wellerson/model/CourseCustomizer> (0x0000000085f22aa0) 
thrown [e:\jenkins\tmp\workspace\build\src\src\hotspot\share\classfile\systemDictionary.cpp, line 256]
Event: 755.805 Thread 0x0000029075a6ebd0 Exception <a 'java/lang/ClassNotFoundException'{0x000000008515f760}: java/lang/ObjectCustomizer> (0x000000008515f760) 
thrown [e:\jenkins\tmp\workspace\build\src\src\hotspot\share\classfile\systemDictionary.cpp, line 256]
Event: 755.806 Thread 0x0000029075a6ebd0 Exception <a 'java/lang/ClassNotFoundException'{0x0000000085167e50}: com/wellerson/model/CourseCustomizer> (0x0000000085167e50) 
thrown [e:\jenkins\tmp\workspace\build\src\src\hotspot\share\classfile\systemDictionary.cpp, line 256]

VM Operations (20 events):
Event: 10804.247 Executing VM operation: Cleanup
Event: 10804.247 Executing VM operation: Cleanup done
Event: 11305.091 Executing VM operation: Cleanup
Event: 11305.091 Executing VM operation: Cleanup done
Event: 11458.266 Executing VM operation: Cleanup
Event: 11458.266 Executing VM operation: Cleanup done
Event: 12275.141 Executing VM operation: Cleanup
Event: 12275.141 Executing VM operation: Cleanup done
Event: 13150.321 Executing VM operation: Cleanup
Event: 13150.321 Executing VM operation: Cleanup done
Event: 13193.701 Executing VM operation: Cleanup
Event: 13193.701 Executing VM operation: Cleanup done
Event: 13201.775 Executing VM operation: Cleanup
Event: 13201.775 Executing VM operation: Cleanup done
Event: 13760.561 Executing VM operation: G1CollectForAllocation
Event: 13760.563 Executing VM operation: G1CollectForAllocation done
Event: 15002.933 Executing VM operation: Cleanup
Event: 15002.933 Executing VM operation: Cleanup done
Event: 15003.943 Executing VM operation: Cleanup
Event: 15003.943 Executing VM operation: Cleanup done

Events (20 events):
Event: 14966.494 Thread 0x0000029075a72a60 Thread added: 0x0000029075a72a60
Event: 14966.494 Thread 0x0000029075a72f30 Thread added: 0x0000029075a72f30
Event: 14971.506 Thread 0x0000029075a72f30 Thread exited: 0x0000029075a72f30
Event: 14971.506 Thread 0x0000029075a72a60 Thread exited: 0x0000029075a72a60
Event: 14972.351 Thread 0x0000029075a6e700 Thread added: 0x0000029075a6e700
Event: 14972.352 Thread 0x0000029075a6fa40 Thread added: 0x0000029075a6fa40
Event: 14981.357 Thread 0x0000029075a6fa40 Thread exited: 0x0000029075a6fa40
Event: 14981.358 Thread 0x0000029075a6e700 Thread exited: 0x0000029075a6e700
Event: 15001.953 Thread 0x0000029075a74270 Thread added: 0x0000029075a74270
Event: 15001.953 Thread 0x0000029075a74740 Thread added: 0x0000029075a74740
Event: 15008.329 Thread 0x0000029075a74270 Thread exited: 0x0000029075a74270
Event: 15008.345 Thread 0x0000029075a74740 Thread exited: 0x0000029075a74740
Event: 15018.260 Thread 0x0000029075a6fa40 Thread added: 0x0000029075a6fa40
Event: 15018.260 Thread 0x0000029075a6e700 Thread added: 0x0000029075a6e700
Event: 15023.273 Thread 0x0000029075a6e700 Thread exited: 0x0000029075a6e700
Event: 15023.273 Thread 0x0000029075a6fa40 Thread exited: 0x0000029075a6fa40
Event: 15028.661 Thread 0x0000029075a6e700 Thread added: 0x0000029075a6e700
Event: 15028.661 Thread 0x0000029075a6fa40 Thread added: 0x0000029075a6fa40
Event: 15033.667 Thread 0x0000029075a6e700 Thread exited: 0x0000029075a6e700
Event: 15033.667 Thread 0x0000029075a6fa40 Thread exited: 0x0000029075a6fa40


Dynamic libraries:
0x00007ff7976a0000 - 0x00007ff7976ae000 	C:\Users\Administrador\.vscode\extensions\redhat.java-1.3.0\jre\17.0.1-win32-x86_64\bin\java.exe
0x00007ffe409a0000 - 0x00007ffe40ba9000 	C:\Windows\SYSTEM32\ntdll.dll
0x00007ffe3ffb0000 - 0x00007ffe4006d000 	C:\Windows\System32\KERNEL32.DLL
0x00007ffe3de90000 - 0x00007ffe3e204000 	C:\Windows\System32\KERNELBASE.dll
0x00007ffe3e210000 - 0x00007ffe3e321000 	C:\Windows\System32\ucrtbase.dll
0x00007ffe32c30000 - 0x00007ffe32c48000 	C:\Users\Administrador\.vscode\extensions\redhat.java-1.3.0\jre\17.0.1-win32-x86_64\bin\jli.dll
0x00007ffe2df10000 - 0x00007ffe2df29000 	C:\Users\Administrador\.vscode\extensions\redhat.java-1.3.0\jre\17.0.1-win32-x86_64\bin\VCRUNTIME140.dll
0x00007ffe3eb40000 - 0x00007ffe3ecec000 	C:\Windows\System32\USER32.dll
0x00007ffe24a70000 - 0x00007ffe24d15000 	C:\Windows\WinSxS\amd64_microsoft.windows.common-controls_6595b64144ccf1df_6.0.22000.120_none_9d947278b86cc467\COMCTL32.dll
0x00007ffe3e330000 - 0x00007ffe3e356000 	C:\Windows\System32\win32u.dll
0x00007ffe3f750000 - 0x00007ffe3f7f3000 	C:\Windows\System32\msvcrt.dll
0x00007ffe40930000 - 0x00007ffe40959000 	C:\Windows\System32\GDI32.dll
0x00007ffe3e720000 - 0x00007ffe3e832000 	C:\Windows\System32\gdi32full.dll
0x00007ffe3e4a0000 - 0x00007ffe3e53d000 	C:\Windows\System32\msvcp_win.dll
0x00007ffe40210000 - 0x00007ffe40241000 	C:\Windows\System32\IMM32.DLL
0x00007ffe32860000 - 0x00007ffe3286c000 	C:\Users\Administrador\.vscode\extensions\redhat.java-1.3.0\jre\17.0.1-win32-x86_64\bin\vcruntime140_1.dll
0x00007ffe037a0000 - 0x00007ffe03831000 	C:\Users\Administrador\.vscode\extensions\redhat.java-1.3.0\jre\17.0.1-win32-x86_64\bin\msvcp140.dll
0x00007ffdebdf0000 - 0x00007ffdeca36000 	C:\Users\Administrador\.vscode\extensions\redhat.java-1.3.0\jre\17.0.1-win32-x86_64\bin\server\jvm.dll
0x00007ffe3e940000 - 0x00007ffe3e9ee000 	C:\Windows\System32\ADVAPI32.dll
0x00007ffe3f690000 - 0x00007ffe3f72e000 	C:\Windows\System32\sechost.dll
0x00007ffe3f570000 - 0x00007ffe3f690000 	C:\Windows\System32\RPCRT4.dll
0x00007ffe3f1d0000 - 0x00007ffe3f1d8000 	C:\Windows\System32\PSAPI.DLL
0x00007ffe2df00000 - 0x00007ffe2df09000 	C:\Windows\SYSTEM32\WSOCK32.dll
0x00007ffe3f3e0000 - 0x00007ffe3f44f000 	C:\Windows\System32\WS2_32.dll
0x00007ffe38880000 - 0x00007ffe388b3000 	C:\Windows\SYSTEM32\WINMM.dll
0x00007ffe2f100000 - 0x00007ffe2f10a000 	C:\Windows\SYSTEM32\VERSION.dll
0x00007ffe3d080000 - 0x00007ffe3d098000 	C:\Windows\SYSTEM32\kernel.appcore.dll
0x00007ffe2ce20000 - 0x00007ffe2ce2a000 	C:\Users\Administrador\.vscode\extensions\redhat.java-1.3.0\jre\17.0.1-win32-x86_64\bin\jimage.dll
0x00007ffe391f0000 - 0x00007ffe39411000 	C:\Windows\SYSTEM32\DBGHELP.DLL
0x00007ffe2cdd0000 - 0x00007ffe2ce01000 	C:\Windows\SYSTEM32\dbgcore.DLL
0x00007ffe3e360000 - 0x00007ffe3e3df000 	C:\Windows\System32\bcryptPrimitives.dll
0x00007ffe24d20000 - 0x00007ffe24d45000 	C:\Users\Administrador\.vscode\extensions\redhat.java-1.3.0\jre\17.0.1-win32-x86_64\bin\java.dll
0x00007ffe2aa30000 - 0x00007ffe2aa48000 	C:\Users\Administrador\.vscode\extensions\redhat.java-1.3.0\jre\17.0.1-win32-x86_64\bin\zip.dll
0x00007ffe3f800000 - 0x00007ffe3ffae000 	C:\Windows\System32\SHELL32.dll
0x00007ffe3c010000 - 0x00007ffe3c877000 	C:\Windows\SYSTEM32\windows.storage.dll
0x00007ffe40250000 - 0x00007ffe405c8000 	C:\Windows\System32\combase.dll
0x00007ffe3bea0000 - 0x00007ffe3c006000 	C:\Windows\SYSTEM32\wintypes.dll
0x00007ffe3ea50000 - 0x00007ffe3eb3a000 	C:\Windows\System32\SHCORE.dll
0x00007ffe3f380000 - 0x00007ffe3f3dd000 	C:\Windows\System32\shlwapi.dll
0x00007ffe3ddc0000 - 0x00007ffe3dde1000 	C:\Windows\SYSTEM32\profapi.dll
0x00007ffe1d600000 - 0x00007ffe1d619000 	C:\Users\Administrador\.vscode\extensions\redhat.java-1.3.0\jre\17.0.1-win32-x86_64\bin\net.dll
0x00007ffe360d0000 - 0x00007ffe361dc000 	C:\Windows\SYSTEM32\WINHTTP.dll
0x00007ffe3d4b0000 - 0x00007ffe3d517000 	C:\Windows\system32\mswsock.dll
0x00007ffe1c2b0000 - 0x00007ffe1c2c5000 	C:\Users\Administrador\.vscode\extensions\redhat.java-1.3.0\jre\17.0.1-win32-x86_64\bin\nio.dll
0x00007ffe2cc70000 - 0x00007ffe2cc80000 	C:\Users\Administrador\.vscode\extensions\redhat.java-1.3.0\jre\17.0.1-win32-x86_64\bin\verify.dll
0x00007ffe36e40000 - 0x00007ffe36e49000 	C:\Users\Administrador\.vscode\extensions\redhat.java-1.3.0\jre\17.0.1-win32-x86_64\bin\management.dll
0x00007ffe34250000 - 0x00007ffe3425b000 	C:\Users\Administrador\.vscode\extensions\redhat.java-1.3.0\jre\17.0.1-win32-x86_64\bin\management_ext.dll
0x00007ffe048a0000 - 0x00007ffe048b7000 	C:\Windows\system32\napinsp.dll
0x00007ffdf9950000 - 0x00007ffdf996b000 	C:\Windows\system32\pnrpnsp.dll
0x00007ffe3cc20000 - 0x00007ffe3cd07000 	C:\Windows\SYSTEM32\DNSAPI.dll
0x00007ffe3cbf0000 - 0x00007ffe3cc1d000 	C:\Windows\SYSTEM32\IPHLPAPI.DLL
0x00007ffe3f730000 - 0x00007ffe3f739000 	C:\Windows\System32\NSI.dll
0x00007ffdf9930000 - 0x00007ffdf9942000 	C:\Windows\System32\winrnr.dll
0x00007ffe35e20000 - 0x00007ffe35e35000 	C:\Windows\system32\wshbth.dll
0x00007ffdece50000 - 0x00007ffdece6f000 	C:\Windows\system32\nlansp_c.dll
0x00007ffe35a40000 - 0x00007ffe35a4a000 	C:\Windows\System32\rasadhlp.dll
0x00007ffe365e0000 - 0x00007ffe36661000 	C:\Windows\System32\fwpuclnt.dll
0x00007ffe3d6f0000 - 0x00007ffe3d708000 	C:\Windows\SYSTEM32\CRYPTSP.dll
0x00007ffe3cfe0000 - 0x00007ffe3d015000 	C:\Windows\system32\rsaenh.dll
0x00007ffe3d5a0000 - 0x00007ffe3d5c9000 	C:\Windows\SYSTEM32\USERENV.dll
0x00007ffe3d870000 - 0x00007ffe3d897000 	C:\Windows\SYSTEM32\bcrypt.dll
0x00007ffe3d710000 - 0x00007ffe3d71c000 	C:\Windows\SYSTEM32\CRYPTBASE.dll
0x00007ffe36710000 - 0x00007ffe36729000 	C:\Windows\SYSTEM32\dhcpcsvc6.DLL
0x00007ffe371a0000 - 0x00007ffe371be000 	C:\Windows\SYSTEM32\dhcpcsvc.DLL
0x00007ffe1d460000 - 0x00007ffe1d46e000 	C:\Users\Administrador\.vscode\extensions\redhat.java-1.3.0\jre\17.0.1-win32-x86_64\bin\sunmscapi.dll
0x00007ffe3e5b0000 - 0x00007ffe3e712000 	C:\Windows\System32\CRYPT32.dll
0x00007ffe3d840000 - 0x00007ffe3d868000 	C:\Windows\SYSTEM32\ncrypt.dll
0x00007ffe3d800000 - 0x00007ffe3d837000 	C:\Windows\SYSTEM32\NTASN1.dll
0x00007ffe1d5f0000 - 0x00007ffe1d5f8000 	C:\Windows\system32\wshunix.dll

dbghelp: loaded successfully - version: 4.0.5 - missing functions: none
symbol engine: initialized successfully - sym options: 0x614 - pdb path: .;C:\Users\Administrador\.vscode\extensions\redhat.java-1.3.0\jre\17.0.1-win32-x86_64\bin;C:\Windows\SYSTEM32;C:\Windows\WinSxS\amd64_microsoft.windows.common-controls_6595b64144ccf1df_6.0.22000.120_none_9d947278b86cc467;C:\Users\Administrador\.vscode\extensions\redhat.java-1.3.0\jre\17.0.1-win32-x86_64\bin\server

VM Arguments:
jvm_args: -XX:+ShowCodeDetailsInExceptionMessages 
java_command: com.wellerson.CrudSpringApplication
java_class_path (initial): C:\workspace\crud-angular-spring\crud-spring\target\classes;C:\Users\Administrador\.m2\repository\org\springframework\boot\spring-boot-starter-data-jpa\2.5.9\spring-boot-starter-data-jpa-2.5.9.jar;C:\Users\Administrador\.m2\repository\org\springframework\boot\spring-boot-starter-aop\2.5.9\spring-boot-starter-aop-2.5.9.jar;C:\Users\Administrador\.m2\repository\org\springframework\spring-aop\5.3.15\spring-aop-5.3.15.jar;C:\Users\Administrador\.m2\repository\org\aspectj\aspectjweaver\1.9.7\aspectjweaver-1.9.7.jar;C:\Users\Administrador\.m2\repository\org\springframework\boot\spring-boot-starter-jdbc\2.5.9\spring-boot-starter-jdbc-2.5.9.jar;C:\Users\Administrador\.m2\repository\com\zaxxer\HikariCP\4.0.3\HikariCP-4.0.3.jar;C:\Users\Administrador\.m2\repository\org\springframework\spring-jdbc\5.3.15\spring-jdbc-5.3.15.jar;C:\Users\Administrador\.m2\repository\jakarta\transaction\jakarta.transaction-api\1.3.3\jakarta.transaction-api-1.3.3.jar;C:\Users\Administrador\.m2\repository\jakarta\persistence\jakarta.persistence-api\2.2.3\jakarta.persistence-api-2.2.3.jar;C:\Users\Administrador\.m2\repository\org\hibernate\hibernate-core\5.4.33\hibernate-core-5.4.33.jar;C:\Users\Administrador\.m2\repository\org\jboss\logging\jboss-logging\3.4.3.Final\jboss-logging-3.4.3.Final.jar;C:\Users\Administrador\.m2\repository\org\javassist\javassist\3.27.0-GA\javassist-3.27.0-GA.jar;C:\Users\Administrador\.m2\repository\net\bytebuddy\byte-buddy\1.10.22\byte-buddy-1.10.22.jar;C:\Users\Administrador\.m2\repository\antlr\antlr\2.7.7\antlr-2.7.7.jar;C:\Users\Administrador\.m2\repository\org\jboss\jandex\2.2.3.Final\jandex-2.2.3.Final.jar;C:\Users\Administrador\.m2\repository\com\fasterxml\classmate\1.5.1\classmate-1.5.1.jar;C:\Users\Administrador\.m2\repository\org\dom4j\dom4j\2.1.3\dom4j-2.1.3.jar;C:\Users\Administrador\.m2\repository\org\hibernate\common\hibernate-commons-annotations\5.1.2.Final\hibernate-commons-annotations-5.1.2.Final.jar;C:\Users\Administrador\.
Launcher Type: SUN_STANDARD

[Global flags]
     intx CICompilerCount                          = 4                                         {product} {ergonomic}
     uint ConcGCThreads                            = 2                                         {product} {ergonomic}
     uint G1ConcRefinementThreads                  = 8                                         {product} {ergonomic}
   size_t G1HeapRegionSize                         = 1048576                                   {product} {ergonomic}
    uintx GCDrainStackTargetSize                   = 64                                        {product} {ergonomic}
   size_t InitialHeapSize                          = 134217728                                 {product} {ergonomic}
   size_t MarkStackSize                            = 4194304                                   {product} {ergonomic}
   size_t MaxHeapSize                              = 2116026368                                {product} {ergonomic}
   size_t MaxNewSize                               = 1268776960                                {product} {ergonomic}
   size_t MinHeapDeltaBytes                        = 1048576                                   {product} {ergonomic}
   size_t MinHeapSize                              = 8388608                                   {product} {ergonomic}
    uintx NonNMethodCodeHeapSize                   = 5839372                                {pd product} {ergonomic}
    uintx NonProfiledCodeHeapSize                  = 122909434                              {pd product} {ergonomic}
    uintx ProfiledCodeHeapSize                     = 122909434                              {pd product} {ergonomic}
    uintx ReservedCodeCacheSize                    = 251658240                              {pd product} {ergonomic}
     bool SegmentedCodeCache                       = true                                      {product} {ergonomic}
     bool ShowCodeDetailsInExceptionMessages       = true                                   {manageable} {command line}
   size_t SoftMaxHeapSize                          = 2116026368                             {manageable} {ergonomic}
     bool UseCompressedClassPointers               = true                           {product lp64_product} {ergonomic}
     bool UseCompressedOops                        = true                           {product lp64_product} {ergonomic}
     bool UseG1GC                                  = true                                      {product} {ergonomic}
     bool UseLargePagesIndividualAllocation        = false                                  {pd product} {ergonomic}

Logging:
Log output configuration:
 #0: stdout all=warning uptime,level,tags
 #1: stderr all=off uptime,level,tags

Environment Variables:
JAVA_HOME=C:\Program Files\Java\jdk-17.0.2
PATH=C:\Program Files\Common Files\Oracle\Java\javapath;C:\Windows\system32;C:\Windows;C:\Windows\System32\Wbem;C:\Windows\System32\WindowsPowerShell\v1.0\;C:\Windows\System32\OpenSSH\;C:\Program Files\Git\cmd;C:\Program Files\nodejs\;C:\Users\Administrador\AppData\Local\Microsoft\WindowsApps;C:\Users\Administrador\AppData\Local\Programs\Microsoft VS Code\bin;C:\Users\Administrador\AppData\Roaming\npm;C:\Users\Administrador\AppData\Roaming\npm\node_modules\@angular\cli\bin;C:\Program Files\Java\jdk-17.0.2\bin;C:\apache-maven-3.8.4\bin;
USERNAME=Administrador
LANG=pt_BR.UTF-8
OS=Windows_NT
PROCESSOR_IDENTIFIER=Intel64 Family 6 Model 142 Stepping 12, GenuineIntel



---------------  S Y S T E M  ---------------

OS:
 Windows 10 , 64 bit Build 22000 (10.0.22000.434)
OS uptime: 5 days 15:26 hours

CPU: total 8 (initial active 8) (4 cores per cpu, 2 threads per core) family 6 model 142 stepping 12 microcode 0xea, cx8, cmov, fxsr, ht, mmx, 3dnowpref, sse, sse2, sse3, ssse3, sse4.1, sse4.2, popcnt, lzcnt, tsc, tscinvbit, avx, avx2, aes, erms, clmul, bmi1, bmi2, adx, fma, vzeroupper, clflush, clflushopt

Memory: 4k page, system-wide physical 8068M (1767M free)
TotalPageFile size 10116M (AvailPageFile size 0M)
current process WorkingSet (physical memory assigned to process): 106M, peak: 272M
current process commit charge ("private bytes"): 265M, peak: 310M

vm_info: OpenJDK 64-Bit Server VM (17.0.1+12) for windows-amd64 JRE (17.0.1+12), built on Oct 20 2021 07:42:55 by "" with MS VC++ 16.7 (VS2019)

END.
